============  GroovyLog  ====  11.06.2024  ============
GroovyScript version: 0.8.0
[14:34:06] [CLIENT/INFO] [nomiceu]: Running scripts in loader 'preInit'
[14:34:54] [CLIENT/INFO] [nomiceu]: Running scripts in loader 'init'
[14:34:57] [CLIENT/INFO] [nomiceu]: Running scripts in loader 'postInit'
[14:34:58] [CLIENT/INFO] [nomiceu]:  - executing postInit\Post-Initial\Main\General\Early-Game\earlygame.groovy
[14:34:58] [CLIENT/INFO] [nomiceu]:  - executing postInit\Post-Initial\Main\General\Early-Game\electronics.groovy
[14:34:58] [CLIENT/INFO] [nomiceu]:  - executing postInit\Post-Initial\Main\General\Late-Game\assemblyLine.groovy
[14:34:58] [CLIENT/INFO] [nomiceu]:  - executing postInit\Post-Initial\Main\General\Late-Game\draconicFusion.groovy
[14:34:59] [CLIENT/INFO] [nomiceu]:  - executing postInit\Post-Initial\Main\General\Late-Game\lategame.groovy
[14:34:59] [CLIENT/INFO] [nomiceu]:  - executing postInit\Post-Initial\Main\General\Mid-Game\midgame.groovy
[14:34:59] [CLIENT/INFO] [nomiceu]:  - executing postInit\Post-Initial\Main\General\Misc\blastFurnace.groovy
[14:34:59] [CLIENT/INFO] [nomiceu]:  - executing postInit\Post-Initial\Main\General\Misc\diodes.groovy
[14:34:59] [CLIENT/INFO] [nomiceu]:  - executing postInit\Post-Initial\Main\General\Misc\dyes.groovy
[14:35:00] [CLIENT/INFO] [nomiceu]:  - executing postInit\Post-Initial\Main\General\Misc\handFraming.groovy
[14:35:00] [CLIENT/INFO] [nomiceu]:  - executing postInit\Post-Initial\Main\General\Misc\materialChanges.groovy
[14:35:01] [CLIENT/INFO] [nomiceu]:  - executing postInit\Post-Initial\Main\General\Misc\removeMaterials.groovy
[14:35:01] [CLIENT/INFO] [nomiceu]:  - executing postInit\Post-Initial\Main\General\Post-Heart\postHeart.groovy
[14:35:01] [CLIENT/INFO] [nomiceu]:  - executing postInit\Post-Initial\Main\Mode-Specific\Expert-Mode\stabilizedMiners.groovy
[14:35:01] [CLIENT/INFO] [nomiceu]:  - executing postInit\Post-Initial\Main\Mode-Specific\Normal-Mode\buses.groovy
